2022-11-30 19:53:58 -   0%|          | 0/2 [00:00<?, ?it/s]
2022-11-30 19:54:25 -  50%|#####     | 1/2 [00:26<00:26, 26.90s/it]
2022-11-30 19:54:51 - 100%|##########| 2/2 [00:53<00:00, 26.44s/it]
2022-11-30 19:54:51 - 100%|##########| 2/2 [00:53<00:00, 26.51s/it]
  0%|          | 0/2 [00:00<?, ?it/s]
 50%|#####     | 1/2 [00:26<00:26, 26.53s/it]
100%|##########| 2/2 [00:54<00:00, 27.26s/it]
100%|##########| 2/2 [00:54<00:00, 27.15s/it]
  0%|          | 0/2 [00:00<?, ?it/s]
  0%|          | 0/2 [00:00<?, ?it/s]
  0%|          | 0/2 [00:00<?, ?it/s]
  0%|          | 0/2 [00:00<?, ?it/s]
  0%|          | 0/2 [00:00<?, ?it/s]
  0%|          | 0/2 [00:00<?, ?it/s]
  0%|          | 0/2 [00:00<?, ?it/s]
 50%|#####     | 1/2 [00:29<00:29, 29.81s/it]
100%|##########| 2/2 [00:58<00:00, 29.41s/it]
100%|##########| 2/2 [00:58<00:00, 29.47s/it]
  0%|          | 0/2 [00:00<?, ?it/s]
 50%|#####     | 1/2 [00:28<00:28, 28.12s/it]
 50%|#####     | 1/2 [00:38<00:38, 38.67s/it]
  0%|                    | 0/2 [00:00<?, ?it/s]
  0%|                    | 0/2 [00:06<?, ?it/s]
  0%|                                        | 0/2 [00:00<?, ?it/s]
 50%|####################                    | 1/2 [00:29<00:29, 29.65s/it]
100%|########################################| 2/2 [00:57<00:00, 28.42s/it]
100%|########################################| 2/2 [00:57<00:00, 28.61s/it]
  0%|                                                            | 0/2 [00:00<?, ?it/s]
 50%|##############################                              | 1/2 [00:27<00:27, 27.36s/it]
100%|############################################################| 2/2 [00:54<00:00, 26.96s/it]
100%|############################################################| 2/2 [00:54<00:00, 27.02s/it]
  0%|                                                            | 0/20 [00:00<?, ?it/s]
  5%|###                                                         | 1/20 [00:28<08:55, 28.20s/it]
 10%|######                                                      | 2/20 [00:55<08:13, 27.43s/it]
 15%|#########                                                   | 3/20 [01:22<07:48, 27.54s/it]
 20%|############                                                | 4/20 [01:52<07:32, 28.26s/it]
 25%|###############                                             | 5/20 [02:20<07:04, 28.27s/it]
 30%|##################                                          | 6/20 [02:48<06:35, 28.24s/it]
 35%|#####################                                       | 7/20 [03:15<06:01, 27.79s/it]
 40%|########################                                    | 8/20 [03:43<05:35, 27.99s/it]
 45%|###########################                                 | 9/20 [04:10<05:03, 27.63s/it]
 50%|##############################                              | 10/20 [04:39<04:40, 28.03s/it]
 55%|#################################                           | 11/20 [05:09<04:17, 28.58s/it]
 60%|####################################                        | 12/20 [05:38<03:49, 28.69s/it]
 65%|#######################################                     | 13/20 [06:07<03:21, 28.77s/it]
 70%|##########################################                  | 14/20 [06:34<02:49, 28.28s/it]
 75%|#############################################               | 15/20 [07:01<02:19, 27.83s/it]
 80%|################################################            | 16/20 [07:33<01:56, 29.09s/it]
 85%|###################################################         | 17/20 [08:01<01:26, 28.94s/it]
 90%|######################################################      | 18/20 [08:30<00:57, 28.74s/it]
 95%|#########################################################   | 19/20 [08:57<00:28, 28.39s/it]
100%|############################################################| 20/20 [09:24<00:00, 27.90s/it]
100%|############################################################| 20/20 [09:24<00:00, 28.23s/it]
  0%|                                                            | 0/20 [00:00<?, ?it/s]
  5%|###                                                         | 1/20 [00:25<08:03, 25.47s/it]
  5%|###                                                         | 1/20 [00:27<08:40, 27.40s/it]
  0%|                                                            | 0/20 [00:00<?, ?it/s]
100%|############################################################| 20/20 [00:00<00:00, 1526.26it/s]
  0%|                                                            | 0/20 [00:00<?, ?it/s]
100%|############################################################| 20/20 [00:00<00:00, 1627.40it/s]
  0%|                                                            | 0/20 [00:00<?, ?it/s]
100%|############################################################| 20/20 [00:00<00:00, 1821.55it/s]
  0%|                                                            | 0/20 [00:00<?, ?it/s]
100%|############################################################| 20/20 [00:00<00:00, 1842.27it/s]
  0%|                                                            | 0/20 [00:00<?, ?it/s]
  5%|###                                                         | 1/20 [00:00<00:11,  1.65it/s]
 10%|######                                                      | 2/20 [00:01<00:10,  1.67it/s]
 15%|#########                                                   | 3/20 [00:01<00:10,  1.66it/s]
 20%|############                                                | 4/20 [00:02<00:09,  1.65it/s]
 25%|###############                                             | 5/20 [00:03<00:08,  1.67it/s]
 30%|##################                                          | 6/20 [00:03<00:08,  1.66it/s]
 35%|#####################                                       | 7/20 [00:04<00:07,  1.69it/s]
 40%|########################                                    | 8/20 [00:04<00:06,  1.80it/s]
 45%|###########################                                 | 9/20 [00:05<00:05,  1.89it/s]
 50%|##############################                              | 10/20 [00:05<00:05,  1.95it/s]
 55%|#################################                           | 11/20 [00:06<00:04,  1.99it/s]
 60%|####################################                        | 12/20 [00:06<00:03,  2.02it/s]
 65%|#######################################                     | 13/20 [00:07<00:03,  2.03it/s]
 70%|##########################################                  | 14/20 [00:07<00:02,  2.03it/s]
 75%|#############################################               | 15/20 [00:08<00:02,  2.05it/s]
 80%|################################################            | 16/20 [00:08<00:01,  2.07it/s]
 85%|###################################################         | 17/20 [00:08<00:01,  2.08it/s]
 90%|######################################################      | 18/20 [00:09<00:00,  2.09it/s]
 95%|#########################################################   | 19/20 [00:09<00:00,  2.10it/s]
100%|############################################################| 20/20 [00:10<00:00,  2.11it/s]
100%|############################################################| 20/20 [00:10<00:00,  1.93it/s]
  0%|                                                            | 0/20 [00:00<?, ?it/s]
  5%|###                                                         | 1/20 [00:00<00:09,  2.04it/s]
 10%|######                                                      | 2/20 [00:00<00:08,  2.05it/s]
 15%|#########                                                   | 3/20 [00:01<00:08,  2.04it/s]
 20%|############                                                | 4/20 [00:01<00:07,  2.04it/s]
 25%|###############                                             | 5/20 [00:02<00:07,  2.05it/s]
 30%|##################                                          | 6/20 [00:02<00:06,  2.07it/s]
 35%|#####################                                       | 7/20 [00:03<00:06,  2.07it/s]
 40%|########################                                    | 8/20 [00:03<00:05,  2.07it/s]
 45%|###########################                                 | 9/20 [00:04<00:05,  2.03it/s]
 50%|##############################                              | 10/20 [00:04<00:04,  2.03it/s]
 55%|#################################                           | 11/20 [00:05<00:04,  2.04it/s]
 60%|####################################                        | 12/20 [00:05<00:03,  2.05it/s]
 65%|#######################################                     | 13/20 [00:06<00:03,  2.05it/s]
 70%|##########################################                  | 14/20 [00:06<00:02,  2.04it/s]
 75%|#############################################               | 15/20 [00:07<00:02,  2.04it/s]
 80%|################################################            | 16/20 [00:07<00:01,  2.05it/s]
 85%|###################################################         | 17/20 [00:08<00:01,  2.06it/s]
 90%|######################################################      | 18/20 [00:08<00:00,  2.06it/s]
 95%|#########################################################   | 19/20 [00:09<00:00,  2.04it/s]
100%|############################################################| 20/20 [00:09<00:00,  1.95it/s]
100%|############################################################| 20/20 [00:09<00:00,  2.03it/s]
  0%|                                                            | 0/20 [00:00<?, ?it/s]
epoch 000 train_loss 0.02270770 val_loss 0.02489854
  5%|###                                                         | 1/20 [00:00<00:09,  2.06it/s]
epoch 001 train_loss 0.01656895 val_loss 0.01607695
 10%|######                                                      | 2/20 [00:00<00:08,  2.08it/s]
epoch 002 train_loss 0.01574729 val_loss 0.01327589
 15%|#########                                                   | 3/20 [00:01<00:08,  2.07it/s]
epoch 003 train_loss 0.01553084 val_loss 0.01229080
 20%|############                                                | 4/20 [00:01<00:07,  2.08it/s]
epoch 004 train_loss 0.01545482 val_loss 0.01189743
 25%|###############                                             | 5/20 [00:02<00:07,  2.08it/s]
epoch 005 train_loss 0.01541684 val_loss 0.01172396
 30%|##################                                          | 6/20 [00:02<00:06,  2.07it/s]
epoch 006 train_loss 0.01539219 val_loss 0.01164597
 35%|#####################                                       | 7/20 [00:03<00:06,  2.07it/s]
epoch 007 train_loss 0.01537417 val_loss 0.01161627
 40%|########################                                    | 8/20 [00:03<00:05,  2.07it/s]
epoch 008 train_loss 0.01536048 val_loss 0.01161386
 45%|###########################                                 | 9/20 [00:04<00:05,  2.06it/s]
epoch 009 train_loss 0.01535002 val_loss 0.01162774
 50%|##############################                              | 10/20 [00:04<00:04,  2.05it/s]
epoch 010 train_loss 0.00949604 val_loss 0.01214481
 55%|#################################                           | 11/20 [00:05<00:04,  2.06it/s]
epoch 011 train_loss 0.00866999 val_loss 0.01000146
 60%|####################################                        | 12/20 [00:05<00:03,  2.06it/s]
epoch 012 train_loss 0.00817229 val_loss 0.00890350
 65%|#######################################                     | 13/20 [00:06<00:03,  2.07it/s]
epoch 013 train_loss 0.00788763 val_loss 0.00831423
 70%|##########################################                  | 14/20 [00:06<00:02,  2.08it/s]
epoch 014 train_loss 0.00771926 val_loss 0.00797582
 75%|#############################################               | 15/20 [00:07<00:02,  2.07it/s]
epoch 015 train_loss 0.00761640 val_loss 0.00776387
 80%|################################################            | 16/20 [00:07<00:01,  2.05it/s]
epoch 016 train_loss 0.00755168 val_loss 0.00761802
 85%|###################################################         | 17/20 [00:08<00:01,  2.06it/s]
epoch 017 train_loss 0.00750991 val_loss 0.00750885
 90%|######################################################      | 18/20 [00:08<00:00,  2.07it/s]
epoch 018 train_loss 0.00748241 val_loss 0.00742193
 95%|#########################################################   | 19/20 [00:09<00:00,  2.07it/s]
epoch 019 train_loss 0.00746406 val_loss 0.00735005
100%|############################################################| 20/20 [00:09<00:00,  2.07it/s]
100%|############################################################| 20/20 [00:09<00:00,  2.07it/s]
