  0%|                                                            | 0/1 [00:00<?, ?it/s]
  0%|                                                            | 0/1 [00:04<?, ?it/s]
  0%|                                                            | 0/20 [00:00<?, ?it/s]
  5%|###                                                         | 1/20 [00:14<04:35, 14.50s/it]
 10%|######                                                      | 2/20 [00:28<04:18, 14.36s/it]
 15%|#########                                                   | 3/20 [00:43<04:04, 14.36s/it]
 20%|############                                                | 4/20 [00:57<03:49, 14.35s/it]
 25%|###############                                             | 5/20 [01:11<03:35, 14.34s/it]
 30%|##################                                          | 6/20 [01:26<03:20, 14.34s/it]
 35%|#####################                                       | 7/20 [01:40<03:06, 14.31s/it]
 40%|########################                                    | 8/20 [01:54<02:51, 14.30s/it]
 45%|###########################                                 | 9/20 [02:08<02:37, 14.29s/it]
 50%|##############################                              | 10/20 [02:23<02:22, 14.26s/it]
 55%|#################################                           | 11/20 [02:37<02:08, 14.29s/it]
 60%|####################################                        | 12/20 [02:51<01:54, 14.25s/it]
 65%|#######################################                     | 13/20 [03:05<01:39, 14.26s/it]
 70%|##########################################                  | 14/20 [03:20<01:25, 14.26s/it]
 75%|#############################################               | 15/20 [03:34<01:11, 14.25s/it]
 80%|################################################            | 16/20 [03:48<00:56, 14.24s/it]
 85%|###################################################         | 17/20 [04:02<00:42, 14.25s/it]
 90%|######################################################      | 18/20 [04:17<00:28, 14.24s/it]
 95%|#########################################################   | 19/20 [04:31<00:14, 14.24s/it]
100%|############################################################| 20/20 [04:45<00:00, 14.23s/it]
100%|############################################################| 20/20 [04:45<00:00, 14.28s/it]
  0%|                                                            | 0/20 [00:00<?, ?it/s]
  5%|###                                                         | 1/20 [00:15<04:54, 15.50s/it]
 10%|######                                                      | 2/20 [00:30<04:28, 14.94s/it]
 15%|#########                                                   | 3/20 [00:44<04:11, 14.77s/it]
 20%|############                                                | 4/20 [00:59<03:56, 14.75s/it]
 25%|###############                                             | 5/20 [01:14<03:41, 14.75s/it]
 30%|##################                                          | 6/20 [01:28<03:26, 14.76s/it]
 35%|#####################                                       | 7/20 [01:43<03:11, 14.70s/it]
 40%|########################                                    | 8/20 [01:58<02:57, 14.82s/it]
 45%|###########################                                 | 9/20 [02:13<02:42, 14.77s/it]
 50%|##############################                              | 10/20 [02:27<02:27, 14.75s/it]
 55%|#################################                           | 11/20 [02:42<02:12, 14.72s/it]
 60%|####################################                        | 12/20 [02:57<01:57, 14.66s/it]
 65%|#######################################                     | 13/20 [03:11<01:42, 14.62s/it]
 70%|##########################################                  | 14/20 [03:26<01:27, 14.58s/it]
 75%|#############################################               | 15/20 [03:40<01:12, 14.55s/it]
 80%|################################################            | 16/20 [03:55<00:58, 14.54s/it]
 85%|###################################################         | 17/20 [04:09<00:43, 14.57s/it]
 90%|######################################################      | 18/20 [04:24<00:29, 14.56s/it]
 95%|#########################################################   | 19/20 [04:38<00:14, 14.55s/it]
100%|############################################################| 20/20 [04:53<00:00, 14.57s/it]
100%|############################################################| 20/20 [04:53<00:00, 14.67s/it]
  0%|                                                            | 0/20 [00:00<?, ?it/s]
  5%|###                                                         | 1/20 [00:14<04:44, 14.99s/it]
 10%|######                                                      | 2/20 [00:29<04:27, 14.88s/it]
 15%|#########                                                   | 3/20 [00:44<04:11, 14.81s/it]
 20%|############                                                | 4/20 [00:59<03:57, 14.86s/it]
 25%|###############                                             | 5/20 [01:14<03:43, 14.87s/it]
 30%|##################                                          | 6/20 [01:29<03:28, 14.88s/it]
 35%|#####################                                       | 7/20 [01:44<03:13, 14.86s/it]
 40%|########################                                    | 8/20 [01:58<02:58, 14.86s/it]
 45%|###########################                                 | 9/20 [02:13<02:43, 14.89s/it]
 50%|##############################                              | 10/20 [02:28<02:28, 14.82s/it]
 55%|#################################                           | 11/20 [02:42<02:12, 14.70s/it]
 60%|####################################                        | 12/20 [02:57<01:57, 14.66s/it]
 65%|#######################################                     | 13/20 [03:12<01:42, 14.61s/it]
 70%|##########################################                  | 14/20 [03:26<01:27, 14.60s/it]
 75%|#############################################               | 15/20 [03:41<01:12, 14.56s/it]
 80%|################################################            | 16/20 [03:55<00:58, 14.54s/it]
 85%|###################################################         | 17/20 [04:10<00:43, 14.55s/it]
 90%|######################################################      | 18/20 [04:24<00:29, 14.51s/it]
 95%|#########################################################   | 19/20 [04:38<00:14, 14.49s/it]
100%|############################################################| 20/20 [04:53<00:00, 14.48s/it]
100%|############################################################| 20/20 [04:53<00:00, 14.67s/it]
  0%|                                                            | 0/20 [00:00<?, ?it/s]
  0%|                                                            | 0/20 [00:05<?, ?it/s]
  0%|                                                            | 0/20 [00:00<?, ?it/s]
  0%|                                                            | 0/20 [00:04<?, ?it/s]
  0%|                                                            | 0/20 [00:00<?, ?it/s]
  0%|                                                            | 0/20 [00:00<?, ?it/s]
  0%|                                                            | 0/20 [00:00<?, ?it/s]
  5%|###                                                         | 1/20 [00:00<00:04,  4.47it/s]
 20%|############                                                | 4/20 [00:00<00:01, 14.37it/s]
 40%|########################                                    | 8/20 [00:00<00:00, 21.38it/s]
 60%|####################################                        | 12/20 [00:00<00:00, 25.42it/s]
 80%|################################################            | 16/20 [00:00<00:00, 27.39it/s]
100%|############################################################| 20/20 [00:00<00:00, 28.60it/s]
100%|############################################################| 20/20 [00:00<00:00, 23.99it/s]
  0%|                                                            | 0/20 [00:00<?, ?it/s]
  5%|###                                                         | 1/20 [00:00<00:03,  5.35it/s]
100%|############################################################| 20/20 [00:00<00:00, 70.67it/s]
  0%|                                                            | 0/20 [00:00<?, ?it/s]
  5%|###                                                         | 1/20 [00:00<00:03,  5.32it/s]
100%|############################################################| 20/20 [00:00<00:00, 71.25it/s]
  0%|                                                            | 0/20 [00:00<?, ?it/s]
  5%|###                                                         | 1/20 [00:00<00:03,  5.08it/s]
100%|############################################################| 20/20 [00:00<00:00, 69.44it/s]
  0%|                                                            | 0/20 [00:00<?, ?it/s]
  5%|###                                                         | 1/20 [00:01<00:36,  1.94s/it]
 10%|######                                                      | 2/20 [00:03<00:33,  1.88s/it]
 15%|#########                                                   | 3/20 [00:05<00:31,  1.83s/it]
 20%|############                                                | 4/20 [00:07<00:31,  1.99s/it]
 25%|###############                                             | 5/20 [00:09<00:29,  1.95s/it]
 30%|##################                                          | 6/20 [00:11<00:26,  1.93s/it]
 35%|#####################                                       | 7/20 [00:13<00:24,  1.90s/it]
 40%|########################                                    | 8/20 [00:15<00:22,  1.89s/it]
 45%|###########################                                 | 9/20 [00:17<00:20,  1.89s/it]
 50%|##############################                              | 10/20 [00:18<00:18,  1.88s/it]
 55%|#################################                           | 11/20 [00:20<00:16,  1.87s/it]
 60%|####################################                        | 12/20 [00:22<00:14,  1.86s/it]
 65%|#######################################                     | 13/20 [00:24<00:12,  1.86s/it]
 70%|##########################################                  | 14/20 [00:26<00:11,  1.85s/it]
 75%|#############################################               | 15/20 [00:28<00:09,  1.85s/it]
 80%|################################################            | 16/20 [00:30<00:07,  1.85s/it]
 85%|###################################################         | 17/20 [00:31<00:05,  1.85s/it]
 90%|######################################################      | 18/20 [00:33<00:03,  1.85s/it]
 95%|#########################################################   | 19/20 [00:35<00:01,  1.85s/it]
100%|############################################################| 20/20 [00:37<00:00,  1.86s/it]
100%|############################################################| 20/20 [00:37<00:00,  1.88s/it]
  0%|                                                            | 0/200 [00:00<?, ?it/s]
  0%|3                                                           | 1/200 [00:02<06:47,  2.05s/it]
  1%|6                                                           | 2/200 [00:03<06:18,  1.91s/it]
  2%|9                                                           | 3/200 [00:05<06:12,  1.89s/it]
  2%|#2                                                          | 4/200 [00:07<06:10,  1.89s/it]
  2%|#5                                                          | 5/200 [00:09<06:23,  1.97s/it]
  3%|#8                                                          | 6/200 [00:11<06:14,  1.93s/it]
  4%|##1                                                         | 7/200 [00:13<06:18,  1.96s/it]
  4%|##4                                                         | 8/200 [00:15<06:15,  1.96s/it]
  4%|##6                                                         | 9/200 [00:17<06:12,  1.95s/it]
  5%|###                                                         | 10/200 [00:19<06:12,  1.96s/it]
  6%|###3                                                        | 11/200 [00:21<06:06,  1.94s/it]
  6%|###6                                                        | 12/200 [00:23<06:03,  1.93s/it]
  6%|###9                                                        | 13/200 [00:25<05:58,  1.92s/it]
  7%|####2                                                       | 14/200 [00:27<05:53,  1.90s/it]
  8%|####5                                                       | 15/200 [00:29<05:56,  1.93s/it]
  8%|####8                                                       | 16/200 [00:30<05:55,  1.93s/it]
  8%|#####1                                                      | 17/200 [00:32<05:55,  1.94s/it]
  9%|#####3                                                      | 18/200 [00:34<05:52,  1.94s/it]
 10%|#####7                                                      | 19/200 [00:36<05:45,  1.91s/it]
 10%|######                                                      | 20/200 [00:38<05:40,  1.89s/it]
 10%|######3                                                     | 21/200 [00:40<05:37,  1.88s/it]
 11%|######6                                                     | 22/200 [00:42<05:41,  1.92s/it]
 12%|######9                                                     | 23/200 [00:44<05:42,  1.93s/it]
 12%|#######2                                                    | 24/200 [00:46<05:37,  1.92s/it]
 12%|#######5                                                    | 25/200 [00:48<05:32,  1.90s/it]
 13%|#######8                                                    | 26/200 [00:49<05:28,  1.89s/it]
 14%|########1                                                   | 27/200 [00:51<05:27,  1.89s/it]
 14%|########4                                                   | 28/200 [00:53<05:23,  1.88s/it]
 14%|########7                                                   | 29/200 [00:55<05:18,  1.86s/it]
 15%|#########                                                   | 30/200 [00:57<05:16,  1.86s/it]
 16%|#########3                                                  | 31/200 [00:59<05:14,  1.86s/it]
 16%|#########6                                                  | 32/200 [01:01<05:17,  1.89s/it]
 16%|#########9                                                  | 33/200 [01:03<05:21,  1.92s/it]
 17%|##########2                                                 | 34/200 [01:05<05:31,  2.00s/it]
 18%|##########5                                                 | 35/200 [01:07<05:33,  2.02s/it]
 18%|##########7                                                 | 36/200 [01:09<05:28,  2.00s/it]
 18%|###########1                                                | 37/200 [01:11<05:23,  1.98s/it]
 19%|###########4                                                | 38/200 [01:13<05:19,  1.97s/it]
 20%|###########7                                                | 39/200 [01:15<05:15,  1.96s/it]
 20%|############                                                | 40/200 [01:17<05:09,  1.93s/it]
 20%|############2                                               | 41/200 [01:19<05:05,  1.92s/it]
 21%|############6                                               | 42/200 [01:20<05:01,  1.91s/it]
 22%|############9                                               | 43/200 [01:22<04:58,  1.90s/it]
 22%|#############2                                              | 44/200 [01:24<04:56,  1.90s/it]
 22%|#############5                                              | 45/200 [01:26<04:53,  1.89s/it]
 23%|#############8                                              | 46/200 [01:28<04:51,  1.89s/it]
 24%|##############1                                             | 47/200 [01:30<04:48,  1.89s/it]
 24%|##############4                                             | 48/200 [01:32<04:46,  1.89s/it]
 24%|##############7                                             | 49/200 [01:34<04:45,  1.89s/it]
 25%|###############                                             | 50/200 [01:35<04:42,  1.88s/it]
 26%|###############3                                            | 51/200 [01:37<04:40,  1.88s/it]
 26%|###############6                                            | 52/200 [01:39<04:39,  1.89s/it]
 26%|###############9                                            | 53/200 [01:41<04:40,  1.91s/it]
 27%|################2                                           | 54/200 [01:43<04:37,  1.90s/it]
 28%|################5                                           | 55/200 [01:45<04:35,  1.90s/it]
 28%|################8                                           | 56/200 [01:47<04:32,  1.89s/it]
 28%|#################                                           | 57/200 [01:49<04:30,  1.89s/it]
 29%|#################4                                          | 58/200 [01:51<04:31,  1.91s/it]
 30%|#################7                                          | 59/200 [01:53<04:28,  1.91s/it]
 30%|##################                                          | 60/200 [01:55<04:26,  1.90s/it]
 30%|##################3                                         | 61/200 [01:56<04:23,  1.89s/it]
 31%|##################6                                         | 62/200 [01:58<04:21,  1.90s/it]
 32%|##################9                                         | 63/200 [02:00<04:18,  1.89s/it]
 32%|###################2                                        | 64/200 [02:02<04:16,  1.89s/it]
 32%|###################5                                        | 65/200 [02:04<04:15,  1.89s/it]
 33%|###################8                                        | 66/200 [02:06<04:12,  1.89s/it]
 34%|####################1                                       | 67/200 [02:08<04:10,  1.89s/it]
 34%|####################4                                       | 68/200 [02:10<04:08,  1.89s/it]
 34%|####################7                                       | 69/200 [02:11<04:06,  1.88s/it]
 35%|#####################                                       | 70/200 [02:13<04:04,  1.88s/it]
 36%|#####################2                                      | 71/200 [02:15<04:02,  1.88s/it]
 36%|#####################5                                      | 72/200 [02:17<04:01,  1.89s/it]
 36%|#####################9                                      | 73/200 [02:19<03:59,  1.88s/it]
 37%|######################2                                     | 74/200 [02:21<03:58,  1.89s/it]
 38%|######################5                                     | 75/200 [02:23<03:56,  1.89s/it]
 38%|######################8                                     | 76/200 [02:25<03:53,  1.89s/it]
 38%|#######################1                                    | 77/200 [02:27<03:52,  1.89s/it]
 39%|#######################4                                    | 78/200 [02:28<03:50,  1.89s/it]
 40%|#######################7                                    | 79/200 [02:30<03:47,  1.88s/it]
 40%|########################                                    | 80/200 [02:32<03:46,  1.88s/it]
 40%|########################3                                   | 81/200 [02:34<03:44,  1.88s/it]
 41%|########################5                                   | 82/200 [02:36<03:42,  1.88s/it]
 42%|########################9                                   | 83/200 [02:38<03:40,  1.88s/it]
 42%|#########################2                                  | 84/200 [02:40<03:37,  1.88s/it]
 42%|#########################5                                  | 85/200 [02:42<03:35,  1.88s/it]
 43%|#########################8                                  | 86/200 [02:43<03:33,  1.88s/it]
 44%|##########################1                                 | 87/200 [02:45<03:32,  1.88s/it]
 44%|##########################4                                 | 88/200 [02:47<03:30,  1.88s/it]
 44%|##########################7                                 | 89/200 [02:49<03:29,  1.88s/it]
 45%|###########################                                 | 90/200 [02:51<03:27,  1.89s/it]
 46%|###########################3                                | 91/200 [02:53<03:25,  1.89s/it]
 46%|###########################6                                | 92/200 [02:55<03:23,  1.88s/it]
 46%|###########################9                                | 93/200 [02:57<03:24,  1.91s/it]
 47%|############################2                               | 94/200 [02:59<03:26,  1.95s/it]
 48%|############################5                               | 95/200 [03:01<03:27,  1.98s/it]
 48%|############################8                               | 96/200 [03:03<03:22,  1.94s/it]
 48%|#############################1                              | 97/200 [03:05<03:18,  1.92s/it]
 49%|#############################4                              | 98/200 [03:06<03:14,  1.90s/it]
 50%|#############################7                              | 99/200 [03:08<03:10,  1.89s/it]
 50%|##############################                              | 100/200 [03:10<03:07,  1.87s/it]
 50%|##############################3                             | 101/200 [03:12<03:04,  1.86s/it]
 51%|##############################6                             | 102/200 [03:14<03:01,  1.85s/it]
 52%|##############################9                             | 103/200 [03:16<02:58,  1.84s/it]
 52%|###############################2                            | 104/200 [03:17<02:56,  1.84s/it]
 52%|###############################5                            | 105/200 [03:19<02:54,  1.84s/it]
 53%|###############################8                            | 106/200 [03:21<02:53,  1.85s/it]
 54%|################################1                           | 107/200 [03:23<02:51,  1.84s/it]
 54%|################################4                           | 108/200 [03:25<02:49,  1.84s/it]
 55%|################################7                           | 109/200 [03:27<02:47,  1.84s/it]
 55%|#################################                           | 110/200 [03:29<02:45,  1.84s/it]
 56%|#################################3                          | 111/200 [03:30<02:43,  1.84s/it]
 56%|#################################6                          | 112/200 [03:32<02:41,  1.83s/it]
 56%|#################################9                          | 113/200 [03:34<02:39,  1.84s/it]
 57%|##################################1                         | 114/200 [03:36<02:37,  1.84s/it]
 57%|##################################5                         | 115/200 [03:38<02:36,  1.84s/it]
 58%|##################################8                         | 116/200 [03:40<02:34,  1.84s/it]
 58%|###################################                         | 117/200 [03:41<02:33,  1.85s/it]
 59%|###################################4                        | 118/200 [03:43<02:31,  1.85s/it]
 60%|###################################6                        | 119/200 [03:45<02:29,  1.84s/it]
 60%|####################################                        | 120/200 [03:47<02:28,  1.85s/it]
 60%|####################################3                       | 121/200 [03:49<02:26,  1.85s/it]
 61%|####################################6                       | 122/200 [03:51<02:24,  1.85s/it]
 62%|####################################9                       | 123/200 [03:53<02:27,  1.91s/it]
 62%|#####################################2                      | 124/200 [03:55<02:26,  1.93s/it]
 62%|#####################################5                      | 125/200 [03:57<02:23,  1.92s/it]
 63%|#####################################8                      | 126/200 [03:58<02:20,  1.90s/it]
 64%|######################################1                     | 127/200 [04:00<02:17,  1.88s/it]
 64%|######################################4                     | 128/200 [04:02<02:15,  1.88s/it]
 64%|######################################7                     | 129/200 [04:04<02:12,  1.86s/it]
 65%|#######################################                     | 130/200 [04:06<02:10,  1.87s/it]
 66%|#######################################3                    | 131/200 [04:08<02:09,  1.87s/it]
 66%|#######################################6                    | 132/200 [04:10<02:07,  1.87s/it]
 66%|#######################################9                    | 133/200 [04:11<02:05,  1.87s/it]
 67%|########################################2                   | 134/200 [04:13<02:03,  1.86s/it]
 68%|########################################5                   | 135/200 [04:15<02:00,  1.85s/it]
 68%|########################################8                   | 136/200 [04:17<01:58,  1.85s/it]
 68%|#########################################1                  | 137/200 [04:19<01:56,  1.85s/it]
 69%|#########################################4                  | 138/200 [04:21<01:54,  1.84s/it]
 70%|#########################################6                  | 139/200 [04:22<01:52,  1.84s/it]
 70%|##########################################                  | 140/200 [04:24<01:50,  1.84s/it]
 70%|##########################################3                 | 141/200 [04:26<01:48,  1.84s/it]
 71%|##########################################5                 | 142/200 [04:28<01:46,  1.84s/it]
 72%|##########################################9                 | 143/200 [04:30<01:45,  1.85s/it]
 72%|###########################################1                | 144/200 [04:32<01:43,  1.84s/it]
 72%|###########################################5                | 145/200 [04:34<01:41,  1.85s/it]
 73%|###########################################8                | 146/200 [04:35<01:39,  1.85s/it]
 74%|############################################1               | 147/200 [04:37<01:37,  1.84s/it]
 74%|############################################4               | 148/200 [04:39<01:35,  1.84s/it]
 74%|############################################7               | 149/200 [04:41<01:33,  1.84s/it]
 75%|#############################################               | 150/200 [04:43<01:32,  1.84s/it]
 76%|#############################################3              | 151/200 [04:45<01:30,  1.84s/it]
 76%|#############################################6              | 152/200 [04:46<01:28,  1.84s/it]
 76%|#############################################9              | 153/200 [04:48<01:26,  1.84s/it]
 77%|##############################################2             | 154/200 [04:50<01:24,  1.84s/it]
 78%|##############################################5             | 155/200 [04:52<01:23,  1.85s/it]
 78%|##############################################8             | 156/200 [04:54<01:21,  1.85s/it]
 78%|###############################################1            | 157/200 [04:56<01:19,  1.84s/it]
 79%|###############################################4            | 158/200 [04:57<01:17,  1.84s/it]
 80%|###############################################7            | 159/200 [04:59<01:15,  1.84s/it]
 80%|################################################            | 160/200 [05:01<01:13,  1.85s/it]
 80%|################################################3           | 161/200 [05:03<01:12,  1.85s/it]
 81%|################################################6           | 162/200 [05:05<01:12,  1.90s/it]
 82%|################################################9           | 163/200 [05:07<01:11,  1.92s/it]
 82%|#################################################1          | 164/200 [05:09<01:09,  1.94s/it]
 82%|#################################################5          | 165/200 [05:11<01:08,  1.95s/it]
 83%|#################################################8          | 166/200 [05:13<01:06,  1.96s/it]
 84%|##################################################          | 167/200 [05:15<01:04,  1.96s/it]
 84%|##################################################4         | 168/200 [05:17<01:01,  1.91s/it]
 84%|##################################################6         | 169/200 [05:19<00:59,  1.92s/it]
 85%|###################################################         | 170/200 [05:20<00:56,  1.89s/it]
 86%|###################################################3        | 171/200 [05:22<00:55,  1.90s/it]
 86%|###################################################6        | 172/200 [05:24<00:52,  1.88s/it]
 86%|###################################################9        | 173/200 [05:26<00:50,  1.86s/it]
 87%|####################################################2       | 174/200 [05:28<00:47,  1.84s/it]
 88%|####################################################5       | 175/200 [05:30<00:45,  1.81s/it]
 88%|####################################################8       | 176/200 [05:31<00:42,  1.79s/it]
 88%|#####################################################1      | 177/200 [05:33<00:40,  1.77s/it]
 89%|#####################################################4      | 178/200 [05:35<00:38,  1.76s/it]
 90%|#####################################################7      | 179/200 [05:37<00:36,  1.76s/it]
 90%|######################################################      | 180/200 [05:38<00:35,  1.75s/it]
 90%|######################################################3     | 181/200 [05:40<00:33,  1.74s/it]
 91%|######################################################6     | 182/200 [05:42<00:31,  1.74s/it]
 92%|######################################################9     | 183/200 [05:43<00:29,  1.75s/it]
 92%|#######################################################2    | 184/200 [05:45<00:27,  1.74s/it]
 92%|#######################################################5    | 185/200 [05:47<00:26,  1.74s/it]
 93%|#######################################################8    | 186/200 [05:49<00:24,  1.74s/it]
 94%|########################################################1   | 187/200 [05:50<00:22,  1.74s/it]
 94%|########################################################4   | 188/200 [05:52<00:20,  1.75s/it]
 94%|########################################################7   | 189/200 [05:54<00:19,  1.74s/it]
 95%|#########################################################   | 190/200 [05:56<00:17,  1.74s/it]
 96%|#########################################################3  | 191/200 [05:57<00:15,  1.74s/it]
 96%|#########################################################6  | 192/200 [05:59<00:14,  1.75s/it]
 96%|#########################################################9  | 193/200 [06:01<00:12,  1.77s/it]
 97%|##########################################################2 | 194/200 [06:03<00:10,  1.79s/it]
 98%|##########################################################5 | 195/200 [06:05<00:09,  1.81s/it]
 98%|##########################################################8 | 196/200 [06:07<00:07,  1.82s/it]
 98%|###########################################################1| 197/200 [06:08<00:05,  1.83s/it]
 99%|###########################################################4| 198/200 [06:10<00:03,  1.84s/it]
100%|###########################################################7| 199/200 [06:12<00:01,  1.84s/it]
100%|############################################################| 200/200 [06:14<00:00,  1.84s/it]
100%|############################################################| 200/200 [06:14<00:00,  1.87s/it]
  0%|                                                            | 0/200 [00:00<?, ?it/s]
  0%|3                                                           | 1/200 [00:14<48:13, 14.54s/it]
  1%|6                                                           | 2/200 [00:28<47:32, 14.41s/it]
  2%|9                                                           | 3/200 [00:43<47:04, 14.34s/it]
  2%|#2                                                          | 4/200 [00:57<46:46, 14.32s/it]
  2%|#5                                                          | 5/200 [01:11<46:26, 14.29s/it]
  3%|#8                                                          | 6/200 [01:25<46:10, 14.28s/it]
  4%|##1                                                         | 7/200 [01:40<45:55, 14.28s/it]
  4%|##4                                                         | 8/200 [01:54<45:50, 14.32s/it]
  4%|##6                                                         | 9/200 [02:08<45:30, 14.30s/it]
  5%|###                                                         | 10/200 [02:23<45:16, 14.30s/it]
  6%|###3                                                        | 11/200 [02:37<45:24, 14.41s/it]
  6%|###6                                                        | 12/200 [02:52<45:15, 14.44s/it]
  6%|###9                                                        | 13/200 [03:06<45:10, 14.49s/it]
  7%|####2                                                       | 14/200 [03:21<44:48, 14.46s/it]
  8%|####5                                                       | 15/200 [03:35<44:30, 14.44s/it]
  8%|####8                                                       | 16/200 [03:50<44:17, 14.44s/it]
  8%|#####1                                                      | 17/200 [04:04<43:50, 14.38s/it]
  9%|#####3                                                      | 18/200 [04:19<43:54, 14.47s/it]
 10%|#####7                                                      | 19/200 [04:33<43:29, 14.42s/it]
 10%|######                                                      | 20/200 [04:47<43:15, 14.42s/it]
 10%|######3                                                     | 21/200 [05:02<43:02, 14.43s/it]
 11%|######6                                                     | 22/200 [05:16<42:50, 14.44s/it]
 12%|######9                                                     | 23/200 [05:30<42:28, 14.40s/it]
 12%|#######2                                                    | 24/200 [05:45<42:18, 14.42s/it]
 12%|#######5                                                    | 25/200 [05:59<41:53, 14.37s/it]
 13%|#######8                                                    | 26/200 [06:13<41:31, 14.32s/it]
 14%|########1                                                   | 27/200 [06:28<41:14, 14.31s/it]
 14%|########4                                                   | 28/200 [06:42<41:14, 14.38s/it]
 14%|########7                                                   | 29/200 [06:57<41:04, 14.41s/it]
 15%|#########                                                   | 30/200 [07:11<40:44, 14.38s/it]
 16%|#########3                                                  | 31/200 [07:26<40:56, 14.53s/it]
 16%|#########6                                                  | 32/200 [07:40<40:40, 14.53s/it]
 16%|#########9                                                  | 33/200 [07:55<40:23, 14.51s/it]
 17%|##########2                                                 | 34/200 [08:09<40:10, 14.52s/it]
 18%|##########5                                                 | 35/200 [08:24<39:52, 14.50s/it]
 18%|##########7                                                 | 36/200 [08:38<39:40, 14.52s/it]
 18%|###########1                                                | 37/200 [08:53<39:22, 14.49s/it]
 19%|###########4                                                | 38/200 [09:07<39:00, 14.45s/it]
 20%|###########7                                                | 39/200 [09:22<38:37, 14.40s/it]
 20%|############                                                | 40/200 [09:36<38:32, 14.45s/it]
 20%|############2                                               | 41/200 [09:51<39:00, 14.72s/it]
 21%|############6                                               | 42/200 [10:06<38:54, 14.77s/it]
 22%|############9                                               | 43/200 [10:21<38:34, 14.74s/it]
 22%|#############2                                              | 44/200 [10:36<38:11, 14.69s/it]
 22%|#############5                                              | 45/200 [10:50<37:51, 14.66s/it]
 23%|#############8                                              | 46/200 [11:05<37:24, 14.58s/it]
 24%|##############1                                             | 47/200 [11:19<37:07, 14.56s/it]
 24%|##############4                                             | 48/200 [11:34<36:50, 14.54s/it]
 24%|##############7                                             | 49/200 [11:48<36:34, 14.53s/it]
 25%|###############                                             | 50/200 [12:03<36:21, 14.54s/it]
 26%|###############3                                            | 51/200 [12:17<36:01, 14.51s/it]
 26%|###############6                                            | 52/200 [12:32<35:49, 14.53s/it]
 26%|###############9                                            | 53/200 [12:46<35:34, 14.52s/it]
 27%|################2                                           | 54/200 [13:01<35:15, 14.49s/it]
 28%|################5                                           | 55/200 [13:15<35:01, 14.50s/it]
 28%|################8                                           | 56/200 [13:30<34:43, 14.47s/it]
 28%|#################                                           | 57/200 [13:44<34:32, 14.49s/it]
 29%|#################4                                          | 58/200 [13:59<34:16, 14.49s/it]
 30%|#################7                                          | 59/200 [14:13<33:59, 14.46s/it]
 30%|##################                                          | 60/200 [14:28<33:51, 14.51s/it]
 30%|##################3                                         | 61/200 [14:42<33:32, 14.48s/it]
 31%|##################6                                         | 62/200 [14:56<33:19, 14.49s/it]
 32%|##################9                                         | 63/200 [15:11<33:06, 14.50s/it]
 32%|###################2                                        | 64/200 [15:25<32:44, 14.44s/it]
 32%|###################5                                        | 65/200 [15:40<32:43, 14.54s/it]
 33%|###################8                                        | 66/200 [15:55<32:32, 14.57s/it]
 34%|####################1                                       | 67/200 [16:09<32:10, 14.52s/it]
 34%|####################4                                       | 68/200 [16:23<31:48, 14.46s/it]
 34%|####################7                                       | 69/200 [16:38<31:33, 14.45s/it]
 35%|#####################                                       | 70/200 [16:52<31:13, 14.42s/it]
 36%|#####################2                                      | 71/200 [17:06<30:51, 14.35s/it]
 36%|#####################5                                      | 72/200 [17:21<30:35, 14.34s/it]
 36%|#####################9                                      | 73/200 [17:35<30:22, 14.35s/it]
 37%|######################2                                     | 74/200 [17:50<30:16, 14.42s/it]
 38%|######################5                                     | 75/200 [18:04<30:11, 14.49s/it]
 38%|######################8                                     | 76/200 [18:19<30:14, 14.63s/it]
 38%|#######################1                                    | 77/200 [18:34<30:09, 14.71s/it]
 39%|#######################4                                    | 78/200 [18:49<30:09, 14.83s/it]
 40%|#######################7                                    | 79/200 [19:04<29:52, 14.81s/it]
 40%|########################                                    | 80/200 [19:18<29:23, 14.69s/it]
 40%|########################3                                   | 81/200 [19:33<28:59, 14.61s/it]
 41%|########################5                                   | 82/200 [19:47<28:41, 14.59s/it]
 42%|########################9                                   | 83/200 [20:02<28:36, 14.67s/it]
 42%|#########################2                                  | 84/200 [20:17<28:17, 14.63s/it]
 42%|#########################5                                  | 85/200 [20:32<28:04, 14.64s/it]
 43%|#########################8                                  | 86/200 [20:46<27:44, 14.60s/it]
 44%|##########################1                                 | 87/200 [21:01<27:29, 14.60s/it]
 44%|##########################4                                 | 88/200 [21:15<27:03, 14.49s/it]
 44%|##########################7                                 | 89/200 [21:29<26:44, 14.46s/it]
 45%|###########################                                 | 90/200 [21:43<26:23, 14.40s/it]
 46%|###########################3                                | 91/200 [21:58<26:06, 14.37s/it]
 46%|###########################6                                | 92/200 [22:12<25:49, 14.35s/it]
 46%|###########################9                                | 93/200 [22:27<25:39, 14.39s/it]
 47%|############################2                               | 94/200 [22:41<25:22, 14.36s/it]
 48%|############################5                               | 95/200 [22:55<25:06, 14.35s/it]
 48%|############################8                               | 96/200 [23:10<24:53, 14.36s/it]
 48%|#############################1                              | 97/200 [23:24<24:38, 14.35s/it]
 49%|#############################4                              | 98/200 [23:38<24:23, 14.34s/it]
 50%|#############################7                              | 99/200 [23:53<24:10, 14.36s/it]
 50%|##############################                              | 100/200 [24:07<23:54, 14.34s/it]
 50%|##############################3                             | 101/200 [24:22<23:47, 14.42s/it]
 51%|##############################6                             | 102/200 [24:36<23:33, 14.42s/it]
 52%|##############################9                             | 103/200 [24:50<23:18, 14.42s/it]
 52%|###############################2                            | 104/200 [25:05<23:05, 14.43s/it]
 52%|###############################5                            | 105/200 [25:19<22:49, 14.41s/it]
 53%|###############################8                            | 106/200 [25:34<22:36, 14.43s/it]
 54%|################################1                           | 107/200 [25:48<22:17, 14.38s/it]
 54%|################################4                           | 108/200 [26:02<22:06, 14.42s/it]
 55%|################################7                           | 109/200 [26:17<22:02, 14.53s/it]
 55%|#################################                           | 110/200 [26:32<21:42, 14.47s/it]
 56%|#################################3                          | 111/200 [26:46<21:23, 14.42s/it]
 56%|#################################6                          | 112/200 [27:00<21:06, 14.39s/it]
 56%|#################################9                          | 113/200 [27:15<20:55, 14.43s/it]
 57%|##################################1                         | 114/200 [27:29<20:48, 14.52s/it]
 57%|##################################5                         | 115/200 [27:44<20:45, 14.66s/it]
 58%|##################################8                         | 116/200 [27:59<20:33, 14.68s/it]
 58%|###################################                         | 117/200 [28:14<20:15, 14.64s/it]
 59%|###################################4                        | 118/200 [28:28<20:03, 14.68s/it]
 60%|###################################6                        | 119/200 [28:43<19:50, 14.70s/it]
 60%|####################################                        | 120/200 [29:00<20:34, 15.43s/it]
 60%|####################################3                       | 121/200 [29:15<20:09, 15.31s/it]
 61%|####################################6                       | 122/200 [29:30<19:42, 15.16s/it]
 62%|####################################9                       | 123/200 [29:45<19:27, 15.17s/it]
 62%|#####################################2                      | 124/200 [30:00<18:59, 14.99s/it]
 62%|#####################################5                      | 125/200 [30:15<18:36, 14.88s/it]
 63%|#####################################8                      | 126/200 [30:29<18:13, 14.78s/it]
 64%|######################################1                     | 127/200 [30:43<17:47, 14.62s/it]
 64%|######################################4                     | 128/200 [31:00<18:08, 15.12s/it]
 64%|######################################7                     | 129/200 [31:15<17:52, 15.10s/it]
 65%|#######################################                     | 130/200 [31:30<17:33, 15.06s/it]
 66%|#######################################3                    | 131/200 [31:44<17:13, 14.98s/it]
 66%|#######################################6                    | 132/200 [32:00<17:04, 15.06s/it]
 66%|#######################################9                    | 133/200 [32:15<16:58, 15.20s/it]
 67%|########################################2                   | 134/200 [32:30<16:28, 14.98s/it]
 68%|########################################5                   | 135/200 [32:46<16:36, 15.34s/it]
 68%|########################################8                   | 136/200 [33:00<16:03, 15.05s/it]
 68%|#########################################1                  | 137/200 [33:15<15:38, 14.90s/it]
 69%|#########################################4                  | 138/200 [33:30<15:25, 14.92s/it]
 70%|#########################################6                  | 139/200 [33:45<15:13, 14.98s/it]
 70%|##########################################                  | 140/200 [34:00<15:00, 15.01s/it]
 70%|##########################################3                 | 141/200 [34:15<14:47, 15.05s/it]
 71%|##########################################5                 | 142/200 [34:29<14:19, 14.81s/it]
 72%|##########################################9                 | 143/200 [34:44<13:54, 14.64s/it]
 72%|###########################################1                | 144/200 [34:58<13:35, 14.56s/it]
 72%|###########################################5                | 145/200 [35:12<13:19, 14.54s/it]
 73%|###########################################8                | 146/200 [35:27<13:02, 14.48s/it]
 74%|############################################1               | 147/200 [35:41<12:46, 14.46s/it]
 74%|############################################4               | 148/200 [35:55<12:28, 14.39s/it]
 74%|############################################7               | 149/200 [36:10<12:11, 14.35s/it]
 75%|#############################################               | 150/200 [36:24<11:56, 14.32s/it]
 76%|#############################################3              | 151/200 [36:38<11:42, 14.33s/it]
 76%|#############################################6              | 152/200 [36:53<11:26, 14.31s/it]
 76%|#############################################9              | 153/200 [37:07<11:11, 14.28s/it]
 77%|##############################################2             | 154/200 [37:21<11:01, 14.37s/it]
 78%|##############################################5             | 155/200 [37:36<10:46, 14.36s/it]
 78%|##############################################8             | 156/200 [37:50<10:35, 14.43s/it]
 78%|###############################################1            | 157/200 [38:05<10:20, 14.42s/it]
 79%|###############################################4            | 158/200 [38:20<10:10, 14.53s/it]
 80%|###############################################7            | 159/200 [38:34<10:00, 14.65s/it]
 80%|################################################            | 160/200 [38:50<09:51, 14.79s/it]
 80%|################################################3           | 161/200 [39:05<09:42, 14.92s/it]
 81%|################################################6           | 162/200 [39:19<09:24, 14.85s/it]
 82%|################################################9           | 163/200 [39:35<09:12, 14.94s/it]
 82%|#################################################1          | 164/200 [39:49<08:55, 14.89s/it]
 82%|#################################################5          | 165/200 [40:04<08:38, 14.80s/it]
 83%|#################################################8          | 166/200 [40:19<08:22, 14.77s/it]
 84%|##################################################          | 167/200 [40:33<08:07, 14.77s/it]
 84%|##################################################4         | 168/200 [40:48<07:53, 14.80s/it]
 84%|##################################################6         | 169/200 [41:03<07:37, 14.75s/it]
 85%|###################################################         | 170/200 [41:18<07:20, 14.69s/it]
 86%|###################################################3        | 171/200 [41:32<07:04, 14.63s/it]
 86%|###################################################6        | 172/200 [41:47<06:48, 14.59s/it]
 86%|###################################################9        | 173/200 [42:01<06:33, 14.56s/it]
 87%|####################################################2       | 174/200 [42:16<06:18, 14.55s/it]
 88%|####################################################5       | 175/200 [42:30<06:03, 14.54s/it]
 88%|####################################################8       | 176/200 [42:45<05:50, 14.60s/it]
 88%|#####################################################1      | 177/200 [42:59<05:35, 14.59s/it]
 89%|#####################################################4      | 178/200 [43:14<05:20, 14.56s/it]
 90%|#####################################################7      | 179/200 [43:28<05:05, 14.54s/it]
 90%|######################################################      | 180/200 [43:43<04:51, 14.57s/it]
 90%|######################################################3     | 181/200 [43:57<04:36, 14.55s/it]
 91%|######################################################6     | 182/200 [44:12<04:21, 14.54s/it]
 92%|######################################################9     | 183/200 [44:27<04:07, 14.56s/it]
 92%|#######################################################2    | 184/200 [44:41<03:52, 14.54s/it]
 92%|#######################################################5    | 185/200 [44:56<03:38, 14.53s/it]
 93%|#######################################################8    | 186/200 [45:10<03:23, 14.55s/it]
 94%|########################################################1   | 187/200 [45:25<03:09, 14.56s/it]
 94%|########################################################4   | 188/200 [45:39<02:54, 14.54s/it]
 94%|########################################################7   | 189/200 [45:54<02:39, 14.53s/it]
 95%|#########################################################   | 190/200 [46:08<02:25, 14.52s/it]
 96%|#########################################################3  | 191/200 [46:23<02:10, 14.54s/it]
 96%|#########################################################6  | 192/200 [46:37<01:56, 14.55s/it]
 96%|#########################################################9  | 193/200 [46:52<01:42, 14.61s/it]
 97%|##########################################################2 | 194/200 [47:07<01:27, 14.57s/it]
 98%|##########################################################5 | 195/200 [47:21<01:12, 14.55s/it]
 98%|##########################################################8 | 196/200 [47:36<00:58, 14.58s/it]
 98%|###########################################################1| 197/200 [47:51<00:43, 14.64s/it]
 99%|###########################################################4| 198/200 [48:05<00:29, 14.60s/it]
100%|###########################################################7| 199/200 [48:20<00:14, 14.60s/it]
100%|############################################################| 200/200 [48:34<00:00, 14.64s/it]
100%|############################################################| 200/200 [48:34<00:00, 14.57s/it]
  0%|                                                            | 0/200 [00:00<?, ?it/s]
  0%|3                                                           | 1/200 [00:15<52:42, 15.89s/it]
  1%|6                                                           | 2/200 [00:30<50:53, 15.42s/it]
  2%|9                                                           | 3/200 [00:46<50:41, 15.44s/it]
  2%|9                                                           | 3/200 [00:48<53:33, 16.31s/it]
  0%|                                                            | 0/200 [00:00<?, ?it/s]
  0%|3                                                           | 1/200 [00:14<49:11, 14.83s/it]
  1%|6                                                           | 2/200 [00:29<49:25, 14.98s/it]
  2%|9                                                           | 3/200 [00:44<49:11, 14.98s/it]
  2%|#2                                                          | 4/200 [01:00<49:31, 15.16s/it]
  2%|#5                                                          | 5/200 [01:15<48:56, 15.06s/it]
  3%|#8                                                          | 6/200 [01:30<48:36, 15.03s/it]
  3%|#8                                                          | 6/200 [01:43<55:46, 17.25s/it]
  0%|                                                            | 0/200 [00:00<?, ?it/s]
  0%|                                                            | 0/200 [00:00<?, ?it/s]
  0%|                                                            | 0/200 [00:00<?, ?it/s]
  0%|3                                                           | 1/200 [00:15<52:12, 15.74s/it]
  1%|6                                                           | 2/200 [00:30<50:55, 15.43s/it]
  2%|9                                                           | 3/200 [00:46<50:43, 15.45s/it]
  2%|9                                                           | 3/200 [00:46<50:52, 15.49s/it]
  0%|                                                            | 0/20 [00:00<?, ?it/s]
  0%|                                                            | 0/20 [00:00<?, ?it/s]
  0%|                                                            | 0/20 [00:00<?, ?it/s]
  5%|###                                                         | 1/20 [00:15<04:49, 15.24s/it]
 10%|######                                                      | 2/20 [00:30<04:31, 15.07s/it]
 15%|#########                                                   | 3/20 [00:45<04:19, 15.27s/it]
 20%|############                                                | 4/20 [01:00<04:02, 15.15s/it]
 25%|###############                                             | 5/20 [01:15<03:46, 15.08s/it]
 30%|##################                                          | 6/20 [01:30<03:30, 15.04s/it]
 35%|#####################                                       | 7/20 [01:45<03:15, 15.03s/it]
 40%|########################                                    | 8/20 [02:00<03:00, 15.02s/it]
 45%|###########################                                 | 9/20 [02:15<02:46, 15.11s/it]
 50%|##############################                              | 10/20 [02:31<02:31, 15.14s/it]
 55%|#################################                           | 11/20 [02:46<02:15, 15.10s/it]
 60%|####################################                        | 12/20 [03:01<02:00, 15.06s/it]
 65%|#######################################                     | 13/20 [03:16<01:45, 15.02s/it]
 70%|##########################################                  | 14/20 [03:30<01:29, 15.00s/it]
 75%|#############################################               | 15/20 [03:45<01:14, 14.98s/it]
 80%|################################################            | 16/20 [04:00<00:59, 14.94s/it]
 85%|###################################################         | 17/20 [04:15<00:44, 14.93s/it]
 90%|######################################################      | 18/20 [04:30<00:29, 14.94s/it]
 95%|#########################################################   | 19/20 [04:45<00:14, 14.92s/it]
100%|############################################################| 20/20 [05:00<00:00, 14.91s/it]
100%|############################################################| 20/20 [05:00<00:00, 15.02s/it]
  0%|                                                            | 0/20 [00:00<?, ?it/s]
  5%|###                                                         | 1/20 [00:25<08:05, 25.55s/it]
 10%|######                                                      | 2/20 [00:51<07:40, 25.57s/it]
 15%|#########                                                   | 3/20 [01:16<07:14, 25.55s/it]
 20%|############                                                | 4/20 [01:42<06:48, 25.53s/it]
 25%|###############                                             | 5/20 [02:07<06:22, 25.53s/it]
 30%|##################                                          | 6/20 [02:33<05:59, 25.70s/it]
 35%|#####################                                       | 7/20 [02:59<05:35, 25.82s/it]
 40%|########################                                    | 8/20 [03:25<05:09, 25.78s/it]
 45%|###########################                                 | 9/20 [03:51<04:43, 25.78s/it]
 50%|##############################                              | 10/20 [04:16<04:17, 25.74s/it]
 55%|#################################                           | 11/20 [04:42<03:51, 25.73s/it]
 60%|####################################                        | 12/20 [05:09<03:27, 25.99s/it]
 65%|#######################################                     | 13/20 [05:35<03:01, 25.96s/it]
 70%|##########################################                  | 14/20 [06:00<02:35, 25.92s/it]
 75%|#############################################               | 15/20 [06:26<02:09, 25.83s/it]
 80%|################################################            | 16/20 [06:52<01:43, 25.77s/it]
 85%|###################################################         | 17/20 [07:18<01:17, 25.80s/it]
 90%|######################################################      | 18/20 [07:44<00:51, 25.86s/it]
 95%|#########################################################   | 19/20 [08:09<00:25, 25.86s/it]
100%|############################################################| 20/20 [08:35<00:00, 25.90s/it]
100%|############################################################| 20/20 [08:35<00:00, 25.80s/it]
  0%|                                                            | 0/20 [00:00<?, ?it/s]
  0%|                                                            | 0/20 [00:00<?, ?it/s]
  0%|                                                            | 0/20 [00:00<?, ?it/s]
  5%|###                                                         | 1/20 [00:26<08:14, 26.05s/it]
  5%|###                                                         | 1/20 [00:30<09:33, 30.19s/it]
  0%|                                                            | 0/20 [00:00<?, ?it/s]
  5%|###                                                         | 1/20 [00:25<08:03, 25.47s/it]
  5%|###                                                         | 1/20 [00:41<13:15, 41.85s/it]
  0%|                                                            | 0/20 [00:00<?, ?it/s]
  5%|###                                                         | 1/20 [00:26<08:27, 26.73s/it]
 10%|######                                                      | 2/20 [00:52<07:50, 26.17s/it]
 15%|#########                                                   | 3/20 [01:18<07:21, 25.98s/it]
 20%|############                                                | 4/20 [01:43<06:53, 25.86s/it]
 25%|###############                                             | 5/20 [02:09<06:26, 25.78s/it]
 30%|##################                                          | 6/20 [02:35<06:01, 25.82s/it]
 35%|#####################                                       | 7/20 [03:01<05:38, 26.00s/it]
 40%|########################                                    | 8/20 [03:28<05:14, 26.20s/it]
 45%|###########################                                 | 9/20 [03:55<04:50, 26.38s/it]
 50%|##############################                              | 10/20 [04:22<04:25, 26.57s/it]
 55%|#################################                           | 11/20 [04:48<03:58, 26.55s/it]
 60%|####################################                        | 12/20 [05:15<03:31, 26.48s/it]
 65%|#######################################                     | 13/20 [05:44<03:10, 27.23s/it]
 70%|##########################################                  | 14/20 [06:10<02:41, 26.88s/it]
 75%|#############################################               | 15/20 [06:37<02:15, 27.06s/it]
 80%|################################################            | 16/20 [07:03<01:46, 26.64s/it]
 85%|###################################################         | 17/20 [07:31<01:21, 27.11s/it]
 90%|######################################################      | 18/20 [07:58<00:53, 26.94s/it]
 95%|#########################################################   | 19/20 [08:27<00:27, 27.60s/it]
100%|############################################################| 20/20 [08:52<00:00, 27.07s/it]
100%|############################################################| 20/20 [08:52<00:00, 26.65s/it]
  0%|                                                            | 0/1 [00:00<?, ?it/s]
100%|############################################################| 1/1 [00:26<00:00, 26.05s/it]
100%|############################################################| 1/1 [00:26<00:00, 26.05s/it]
  0%|                                                            | 0/1 [00:00<?, ?it/s]
100%|############################################################| 1/1 [00:25<00:00, 25.43s/it]
100%|############################################################| 1/1 [00:25<00:00, 25.43s/it]
  0%|                                                            | 0/20 [00:00<?, ?it/s]
  5%|###                                                         | 1/20 [00:26<08:27, 26.70s/it]
 10%|######                                                      | 2/20 [00:52<07:53, 26.28s/it]
 15%|#########                                                   | 3/20 [01:19<07:28, 26.36s/it]
 20%|############                                                | 4/20 [01:46<07:08, 26.79s/it]
 25%|###############                                             | 5/20 [02:14<06:45, 27.02s/it]
 25%|###############                                             | 5/20 [02:16<06:48, 27.21s/it]
  0%|                                                            | 0/20 [00:00<?, ?it/s]
  5%|###                                                         | 1/20 [00:26<08:30, 26.87s/it]
 10%|######                                                      | 2/20 [00:51<07:41, 25.65s/it]
 15%|#########                                                   | 3/20 [01:16<07:11, 25.40s/it]
 20%|############                                                | 4/20 [01:41<06:41, 25.11s/it]
 25%|###############                                             | 5/20 [02:06<06:14, 24.98s/it]
 30%|##################                                          | 6/20 [02:31<05:49, 24.96s/it]
 35%|#####################                                       | 7/20 [02:56<05:27, 25.18s/it]
 40%|########################                                    | 8/20 [03:22<05:04, 25.39s/it]
 45%|###########################                                 | 9/20 [03:48<04:41, 25.61s/it]
 50%|##############################                              | 10/20 [04:14<04:16, 25.63s/it]
 55%|#################################                           | 11/20 [04:39<03:50, 25.60s/it]
 60%|####################################                        | 12/20 [05:05<03:23, 25.48s/it]
 65%|#######################################                     | 13/20 [05:31<03:00, 25.85s/it]
 70%|##########################################                  | 14/20 [05:57<02:34, 25.67s/it]
 75%|#############################################               | 15/20 [06:22<02:07, 25.58s/it]
 80%|################################################            | 16/20 [06:47<01:41, 25.48s/it]
 85%|###################################################         | 17/20 [07:12<01:15, 25.28s/it]
 90%|######################################################      | 18/20 [07:37<00:50, 25.07s/it]
 95%|#########################################################   | 19/20 [08:01<00:24, 24.97s/it]
100%|############################################################| 20/20 [08:28<00:00, 25.35s/it]
100%|############################################################| 20/20 [08:28<00:00, 25.40s/it]
  0%|                                                            | 0/20 [00:00<?, ?it/s]
  0%|                                                            | 0/20 [00:00<?, ?it/s]
  0%|                                                            | 0/20 [00:00<?, ?it/s]
  5%|###                                                         | 1/20 [00:26<08:25, 26.61s/it]
 10%|######                                                      | 2/20 [00:53<07:58, 26.56s/it]
 15%|#########                                                   | 3/20 [01:19<07:32, 26.64s/it]
 20%|############                                                | 4/20 [01:46<07:05, 26.61s/it]
 25%|###############                                             | 5/20 [02:13<06:39, 26.61s/it]
 30%|##################                                          | 6/20 [02:39<06:12, 26.60s/it]
 35%|#####################                                       | 7/20 [03:06<05:45, 26.60s/it]
 40%|########################                                    | 8/20 [03:32<05:19, 26.59s/it]
 45%|###########################                                 | 9/20 [03:59<04:52, 26.57s/it]
 50%|##############################                              | 10/20 [04:25<04:25, 26.56s/it]
 55%|#################################                           | 11/20 [04:52<03:58, 26.54s/it]
 60%|####################################                        | 12/20 [05:19<03:33, 26.68s/it]
 65%|#######################################                     | 13/20 [05:46<03:06, 26.71s/it]
 70%|##########################################                  | 14/20 [06:12<02:39, 26.66s/it]
 75%|#############################################               | 15/20 [06:39<02:13, 26.61s/it]
 80%|################################################            | 16/20 [07:05<01:46, 26.59s/it]
 85%|###################################################         | 17/20 [07:32<01:19, 26.58s/it]
 90%|######################################################      | 18/20 [07:58<00:53, 26.58s/it]
 95%|#########################################################   | 19/20 [08:26<00:26, 26.83s/it]
100%|############################################################| 20/20 [08:54<00:00, 27.37s/it]
100%|############################################################| 20/20 [08:54<00:00, 26.74s/it]
  0%|                                                            | 0/20 [00:00<?, ?it/s]
  5%|###                                                         | 1/20 [00:26<08:30, 26.88s/it]
 10%|######                                                      | 2/20 [00:51<07:44, 25.82s/it]
 15%|#########                                                   | 3/20 [01:17<07:13, 25.48s/it]
 20%|############                                                | 4/20 [01:42<06:44, 25.31s/it]
 25%|###############                                             | 5/20 [02:07<06:18, 25.25s/it]
 30%|##################                                          | 6/20 [02:32<05:53, 25.22s/it]
 35%|#####################                                       | 7/20 [02:57<05:27, 25.17s/it]
 40%|########################                                    | 8/20 [03:22<05:01, 25.13s/it]
 45%|###########################                                 | 9/20 [03:47<04:36, 25.10s/it]
 50%|##############################                              | 10/20 [04:12<04:10, 25.08s/it]
 55%|#################################                           | 11/20 [04:37<03:45, 25.09s/it]
 60%|####################################                        | 12/20 [05:03<03:21, 25.23s/it]
 65%|#######################################                     | 13/20 [05:28<02:56, 25.20s/it]
 70%|##########################################                  | 14/20 [05:53<02:30, 25.16s/it]
 75%|#############################################               | 15/20 [06:18<02:05, 25.15s/it]
 80%|################################################            | 16/20 [06:43<01:40, 25.14s/it]
 85%|###################################################         | 17/20 [07:08<01:15, 25.14s/it]
 90%|######################################################      | 18/20 [07:33<00:50, 25.13s/it]
 95%|#########################################################   | 19/20 [07:59<00:25, 25.14s/it]
100%|############################################################| 20/20 [08:24<00:00, 25.11s/it]
100%|############################################################| 20/20 [08:24<00:00, 25.20s/it]
  0%|                                                            | 0/20 [00:00<?, ?it/s]
  0%|                                                            | 0/20 [00:04<?, ?it/s]
  0%|                                                            | 0/20 [00:00<?, ?it/s]
  5%|###                                                         | 1/20 [00:27<08:42, 27.51s/it]
  5%|###                                                         | 1/20 [00:30<09:46, 30.88s/it]
  0%|                                                            | 0/2 [00:00<?, ?it/s]
 50%|##############################                              | 1/2 [00:25<00:25, 25.95s/it]
100%|############################################################| 2/2 [00:51<00:00, 25.72s/it]
100%|############################################################| 2/2 [00:51<00:00, 25.75s/it]
  0%|                                                            | 0/2 [00:00<?, ?it/s]
  0%|                                                            | 0/2 [00:00<?, ?it/s]
  0%|                                                            | 0/2 [00:00<?, ?it/s]
 50%|##############################                              | 1/2 [00:08<00:08,  8.20s/it]
100%|############################################################| 2/2 [00:16<00:00,  8.13s/it]
100%|############################################################| 2/2 [00:16<00:00,  8.14s/it]
  0%|                                                            | 0/20 [00:00<?, ?it/s]
  5%|###                                                         | 1/20 [00:08<02:37,  8.30s/it]
 10%|######                                                      | 2/20 [00:16<02:27,  8.18s/it]
 15%|#########                                                   | 3/20 [00:24<02:17,  8.11s/it]
 20%|############                                                | 4/20 [00:32<02:09,  8.11s/it]
 25%|###############                                             | 5/20 [00:40<02:01,  8.07s/it]
 30%|##################                                          | 6/20 [00:48<01:52,  8.05s/it]
 35%|#####################                                       | 7/20 [00:56<01:44,  8.02s/it]
 40%|########################                                    | 8/20 [01:04<01:36,  8.05s/it]
 45%|###########################                                 | 9/20 [01:12<01:28,  8.01s/it]
 50%|##############################                              | 10/20 [01:20<01:19,  7.98s/it]
 55%|#################################                           | 11/20 [01:28<01:11,  7.97s/it]
 60%|####################################                        | 12/20 [01:36<01:04,  8.01s/it]
 65%|#######################################                     | 13/20 [01:44<00:55,  7.99s/it]
 70%|##########################################                  | 14/20 [01:52<00:47,  7.97s/it]
 75%|#############################################               | 15/20 [02:00<00:40,  8.01s/it]
 80%|################################################            | 16/20 [02:08<00:32,  8.05s/it]
 85%|###################################################         | 17/20 [02:16<00:24,  8.02s/it]
 90%|######################################################      | 18/20 [02:24<00:16,  8.07s/it]
 95%|#########################################################   | 19/20 [02:32<00:08,  8.06s/it]
100%|############################################################| 20/20 [02:40<00:00,  8.02s/it]
100%|############################################################| 20/20 [02:40<00:00,  8.04s/it]
  0%|                                                            | 0/20 [00:00<?, ?it/s]
  5%|###                                                         | 1/20 [01:43<32:54, 103.90s/it]
 10%|######                                                      | 2/20 [05:02<47:52, 159.58s/it]
 10%|######                                                      | 2/20 [05:34<50:13, 167.44s/it]
  0%|                                                            | 0/20 [00:00<?, ?it/s]
  0%|                                                            | 0/20 [00:00<?, ?it/s]
  0%|                                                            | 0/20 [00:00<?, ?it/s]
  5%|###                                                         | 1/20 [00:09<02:54,  9.17s/it]
 10%|######                                                      | 2/20 [00:18<02:45,  9.21s/it]
 15%|#########                                                   | 3/20 [00:27<02:36,  9.19s/it]
 15%|#########                                                   | 3/20 [00:33<03:09, 11.18s/it]
  0%|                                                            | 0/20 [00:00<?, ?it/s]
  5%|###                                                         | 1/20 [00:10<03:10, 10.02s/it]
 10%|######                                                      | 2/20 [00:19<02:49,  9.42s/it]
 15%|#########                                                   | 3/20 [00:28<02:38,  9.32s/it]
 20%|############                                                | 4/20 [00:39<02:38,  9.90s/it]
 25%|###############                                             | 5/20 [00:48<02:26,  9.78s/it]
 30%|##################                                          | 6/20 [00:57<02:15,  9.64s/it]
 35%|#####################                                       | 7/20 [01:07<02:02,  9.45s/it]
 40%|########################                                    | 8/20 [01:15<01:50,  9.25s/it]
 45%|###########################                                 | 9/20 [01:24<01:40,  9.14s/it]
 50%|##############################                              | 10/20 [01:33<01:30,  9.08s/it]
 55%|#################################                           | 11/20 [01:42<01:21,  9.02s/it]
 60%|####################################                        | 12/20 [01:51<01:11,  8.96s/it]
 65%|#######################################                     | 13/20 [02:00<01:02,  8.94s/it]
 70%|##########################################                  | 14/20 [02:09<00:53,  8.92s/it]
 75%|#############################################               | 15/20 [02:18<00:44,  8.91s/it]
 80%|################################################            | 16/20 [02:26<00:35,  8.89s/it]
 85%|###################################################         | 17/20 [02:35<00:26,  8.90s/it]
 90%|######################################################      | 18/20 [02:45<00:17,  8.99s/it]
 95%|#########################################################   | 19/20 [02:53<00:08,  8.98s/it]
100%|############################################################| 20/20 [03:02<00:00,  8.94s/it]
100%|############################################################| 20/20 [03:02<00:00,  9.14s/it]
  0%|                                                            | 0/50 [00:00<?, ?it/s]
  2%|#2                                                          | 1/50 [00:08<06:33,  8.03s/it]
  4%|##4                                                         | 2/50 [00:16<06:28,  8.10s/it]
  6%|###6                                                        | 3/50 [00:24<06:20,  8.09s/it]
  8%|####8                                                       | 4/50 [00:32<06:14,  8.14s/it]
 10%|######                                                      | 5/50 [00:40<06:06,  8.15s/it]
 12%|#######2                                                    | 6/50 [00:48<06:00,  8.20s/it]
 14%|########4                                                   | 7/50 [00:58<06:09,  8.59s/it]
 16%|#########6                                                  | 8/50 [01:07<06:11,  8.84s/it]
 18%|##########7                                                 | 9/50 [01:19<06:37,  9.70s/it]
 20%|############                                                | 10/50 [01:28<06:17,  9.43s/it]
 22%|#############2                                              | 11/50 [01:37<06:01,  9.28s/it]
 24%|##############4                                             | 12/50 [01:50<06:41, 10.56s/it]
 26%|###############6                                            | 13/50 [02:02<06:44, 10.94s/it]
 28%|################8                                           | 14/50 [02:11<06:18, 10.52s/it]
 30%|##################                                          | 15/50 [02:22<06:05, 10.43s/it]
 32%|###################2                                        | 16/50 [02:30<05:31,  9.74s/it]
 34%|####################4                                       | 17/50 [02:38<05:05,  9.24s/it]
 36%|#####################5                                      | 18/50 [02:46<04:45,  8.92s/it]
 38%|######################8                                     | 19/50 [02:54<04:29,  8.68s/it]
 40%|########################                                    | 20/50 [03:02<04:15,  8.50s/it]
 42%|#########################2                                  | 21/50 [03:10<04:03,  8.41s/it]
 44%|##########################4                                 | 22/50 [03:19<03:53,  8.33s/it]
 46%|###########################6                                | 23/50 [03:27<03:43,  8.28s/it]
 48%|############################8                               | 24/50 [03:35<03:33,  8.22s/it]
 50%|##############################                              | 25/50 [03:43<03:25,  8.24s/it]
 52%|###############################2                            | 26/50 [03:51<03:16,  8.19s/it]
 54%|################################4                           | 27/50 [03:59<03:07,  8.16s/it]
 56%|#################################6                          | 28/50 [04:07<02:58,  8.13s/it]
 58%|##################################8                         | 29/50 [04:15<02:50,  8.14s/it]
 60%|####################################                        | 30/50 [04:24<02:42,  8.11s/it]
 62%|#####################################2                      | 31/50 [04:32<02:34,  8.11s/it]
 64%|######################################4                     | 32/50 [04:40<02:25,  8.11s/it]
 66%|#######################################6                    | 33/50 [04:48<02:17,  8.11s/it]
 68%|########################################8                   | 34/50 [04:56<02:09,  8.10s/it]
 70%|##########################################                  | 35/50 [05:04<02:01,  8.11s/it]
 72%|###########################################1                | 36/50 [05:12<01:53,  8.11s/it]
 74%|############################################4               | 37/50 [05:20<01:45,  8.12s/it]
 76%|#############################################6              | 38/50 [05:28<01:37,  8.11s/it]
 78%|##############################################8             | 39/50 [05:36<01:29,  8.10s/it]
 80%|################################################            | 40/50 [05:45<01:21,  8.10s/it]
 82%|#################################################1          | 41/50 [05:53<01:12,  8.10s/it]
 84%|##################################################4         | 42/50 [06:01<01:05,  8.13s/it]
 86%|###################################################6        | 43/50 [06:09<00:56,  8.13s/it]
 88%|####################################################8       | 44/50 [06:17<00:48,  8.13s/it]
 90%|######################################################      | 45/50 [06:26<00:41,  8.23s/it]
 92%|#######################################################2    | 46/50 [06:34<00:32,  8.19s/it]
 94%|########################################################4   | 47/50 [06:42<00:24,  8.18s/it]
 96%|#########################################################6  | 48/50 [06:50<00:16,  8.16s/it]
 98%|##########################################################8 | 49/50 [06:58<00:08,  8.14s/it]
100%|############################################################| 50/50 [07:06<00:00,  8.13s/it]
100%|############################################################| 50/50 [07:06<00:00,  8.53s/it]
  0%|                                                            | 0/50 [00:00<?, ?it/s]
  2%|#2                                                          | 1/50 [00:08<06:49,  8.35s/it]
  4%|##4                                                         | 2/50 [00:16<06:35,  8.24s/it]
  6%|###6                                                        | 3/50 [00:24<06:25,  8.20s/it]
  8%|####8                                                       | 4/50 [00:32<06:18,  8.23s/it]
 10%|######                                                      | 5/50 [00:41<06:08,  8.20s/it]
 12%|#######2                                                    | 6/50 [00:49<05:59,  8.17s/it]
 14%|########4                                                   | 7/50 [00:57<05:49,  8.12s/it]
 16%|#########6                                                  | 8/50 [01:05<05:40,  8.11s/it]
 18%|##########7                                                 | 9/50 [01:13<05:32,  8.10s/it]
 20%|############                                                | 10/50 [01:21<05:24,  8.11s/it]
 22%|#############2                                              | 11/50 [01:29<05:16,  8.11s/it]
 24%|##############4                                             | 12/50 [01:37<05:09,  8.14s/it]
 26%|###############6                                            | 13/50 [01:45<05:01,  8.14s/it]
 28%|################8                                           | 14/50 [01:54<04:53,  8.15s/it]
 30%|##################                                          | 15/50 [02:02<04:45,  8.16s/it]
 32%|###################2                                        | 16/50 [02:10<04:37,  8.16s/it]
 34%|####################4                                       | 17/50 [02:18<04:29,  8.16s/it]
 36%|#####################5                                      | 18/50 [02:26<04:21,  8.16s/it]
 38%|######################8                                     | 19/50 [02:34<04:12,  8.16s/it]
 40%|########################                                    | 20/50 [02:43<04:04,  8.15s/it]
 42%|#########################2                                  | 21/50 [02:51<03:56,  8.14s/it]
 44%|##########################4                                 | 22/50 [02:59<03:48,  8.14s/it]
 46%|###########################6                                | 23/50 [03:07<03:39,  8.12s/it]
 48%|############################8                               | 24/50 [03:15<03:30,  8.09s/it]
 50%|##############################                              | 25/50 [03:23<03:22,  8.09s/it]
 52%|###############################2                            | 26/50 [03:31<03:14,  8.09s/it]
 54%|################################4                           | 27/50 [03:39<03:06,  8.13s/it]
 56%|#################################6                          | 28/50 [03:47<02:58,  8.11s/it]
 58%|##################################8                         | 29/50 [03:56<02:51,  8.16s/it]
 60%|####################################                        | 30/50 [04:04<02:43,  8.17s/it]
 62%|#####################################2                      | 31/50 [04:12<02:34,  8.14s/it]
 64%|######################################4                     | 32/50 [04:20<02:27,  8.17s/it]
 66%|#######################################6                    | 33/50 [04:28<02:19,  8.19s/it]
 68%|########################################8                   | 34/50 [04:36<02:10,  8.15s/it]
 70%|##########################################                  | 35/50 [04:45<02:01,  8.13s/it]
 72%|###########################################1                | 36/50 [04:53<01:53,  8.10s/it]
 74%|############################################4               | 37/50 [05:01<01:45,  8.11s/it]
 76%|#############################################6              | 38/50 [05:09<01:37,  8.16s/it]
 78%|##############################################8             | 39/50 [05:17<01:29,  8.13s/it]
 80%|################################################            | 40/50 [05:25<01:21,  8.12s/it]
 82%|#################################################1          | 41/50 [05:33<01:12,  8.11s/it]
 84%|##################################################4         | 42/50 [05:42<01:05,  8.21s/it]
 86%|###################################################6        | 43/50 [05:50<00:58,  8.29s/it]
 88%|####################################################8       | 44/50 [05:58<00:49,  8.23s/it]
 90%|######################################################      | 45/50 [06:06<00:40,  8.17s/it]
 92%|#######################################################2    | 46/50 [06:15<00:33,  8.43s/it]
 94%|########################################################4   | 47/50 [06:23<00:25,  8.35s/it]
 96%|#########################################################6  | 48/50 [06:32<00:16,  8.28s/it]
 98%|##########################################################8 | 49/50 [06:40<00:08,  8.25s/it]
100%|############################################################| 50/50 [06:48<00:00,  8.18s/it]
100%|############################################################| 50/50 [06:48<00:00,  8.17s/it]
  0%|                                                            | 0/50 [00:00<?, ?it/s]
  2%|#2                                                          | 1/50 [00:09<07:51,  9.63s/it]
  2%|#2                                                          | 1/50 [00:12<09:59, 12.24s/it]
  0%|                                                            | 0/50 [00:00<?, ?it/s]
  2%|#2                                                          | 1/50 [00:08<07:13,  8.84s/it]
  4%|##4                                                         | 2/50 [00:19<08:06, 10.14s/it]
  6%|###6                                                        | 3/50 [00:29<07:51, 10.04s/it]
  8%|####8                                                       | 4/50 [00:40<07:57, 10.37s/it]
 10%|######                                                      | 5/50 [00:52<08:03, 10.75s/it]
 12%|#######2                                                    | 6/50 [01:02<07:42, 10.50s/it]
 14%|########4                                                   | 7/50 [01:12<07:24, 10.35s/it]
 16%|#########6                                                  | 8/50 [01:24<07:37, 10.90s/it]
 18%|##########7                                                 | 9/50 [01:33<07:10, 10.50s/it]
 20%|############                                                | 10/50 [01:44<07:02, 10.56s/it]
 22%|#############2                                              | 11/50 [01:54<06:44, 10.37s/it]
 24%|##############4                                             | 12/50 [02:04<06:25, 10.14s/it]
 26%|###############6                                            | 13/50 [02:15<06:28, 10.49s/it]
 28%|################8                                           | 14/50 [02:25<06:11, 10.32s/it]
 30%|##################                                          | 15/50 [02:34<05:53, 10.10s/it]
 32%|###################2                                        | 16/50 [02:44<05:37,  9.93s/it]
 34%|####################4                                       | 17/50 [02:53<05:23,  9.80s/it]
 36%|#####################5                                      | 18/50 [03:04<05:17,  9.93s/it]
 38%|######################8                                     | 19/50 [03:14<05:06,  9.90s/it]
 40%|########################                                    | 20/50 [03:22<04:48,  9.60s/it]
 42%|#########################2                                  | 21/50 [03:31<04:32,  9.41s/it]
 44%|##########################4                                 | 22/50 [03:40<04:19,  9.27s/it]
 46%|###########################6                                | 23/50 [03:49<04:06,  9.12s/it]
 48%|############################8                               | 24/50 [03:58<03:54,  9.03s/it]
 50%|##############################                              | 25/50 [04:07<03:45,  9.01s/it]
 52%|###############################2                            | 26/50 [04:16<03:35,  8.98s/it]
 54%|################################4                           | 27/50 [04:25<03:25,  8.95s/it]
 56%|#################################6                          | 28/50 [04:33<03:15,  8.90s/it]
 58%|##################################8                         | 29/50 [04:43<03:09,  9.04s/it]
 60%|####################################                        | 30/50 [04:54<03:11,  9.57s/it]
 62%|#####################################2                      | 31/50 [05:03<02:58,  9.38s/it]
 64%|######################################4                     | 32/50 [05:13<02:55,  9.73s/it]
 66%|#######################################6                    | 33/50 [05:22<02:42,  9.55s/it]
 68%|########################################8                   | 34/50 [05:31<02:29,  9.31s/it]
 70%|##########################################                  | 35/50 [05:41<02:22,  9.52s/it]
 72%|###########################################1                | 36/50 [05:50<02:11,  9.37s/it]
 74%|############################################4               | 37/50 [05:59<02:00,  9.27s/it]
 76%|#############################################6              | 38/50 [06:11<01:59,  9.93s/it]
 78%|##############################################8             | 39/50 [06:20<01:47,  9.76s/it]
 80%|################################################            | 40/50 [06:29<01:36,  9.69s/it]
 82%|#################################################1          | 41/50 [06:39<01:25,  9.52s/it]
 84%|##################################################4         | 42/50 [06:47<01:14,  9.32s/it]
 86%|###################################################6        | 43/50 [06:57<01:04,  9.28s/it]
 88%|####################################################8       | 44/50 [07:06<00:56,  9.42s/it]
 90%|######################################################      | 45/50 [07:16<00:47,  9.43s/it]
 92%|#######################################################2    | 46/50 [07:25<00:37,  9.39s/it]
 94%|########################################################4   | 47/50 [07:34<00:27,  9.29s/it]
 96%|#########################################################6  | 48/50 [07:45<00:19,  9.63s/it]
 98%|##########################################################8 | 49/50 [07:54<00:09,  9.62s/it]
100%|############################################################| 50/50 [08:03<00:00,  9.49s/it]
100%|############################################################| 50/50 [08:03<00:00,  9.68s/it]
  0%|                                                            | 0/50 [00:00<?, ?it/s]
  2%|#2                                                          | 1/50 [00:09<08:05,  9.91s/it]
  4%|##4                                                         | 2/50 [00:18<07:20,  9.18s/it]
  6%|###6                                                        | 3/50 [00:27<06:55,  8.84s/it]
  8%|####8                                                       | 4/50 [00:35<06:48,  8.89s/it]
 10%|######                                                      | 5/50 [00:44<06:39,  8.87s/it]
 12%|#######2                                                    | 6/50 [00:53<06:20,  8.65s/it]
 14%|########4                                                   | 7/50 [01:02<06:22,  8.90s/it]
 16%|#########6                                                  | 8/50 [01:12<06:26,  9.20s/it]
 18%|##########7                                                 | 9/50 [01:21<06:11,  9.06s/it]
 20%|############                                                | 10/50 [01:30<06:03,  9.08s/it]
 22%|#############2                                              | 11/50 [01:38<05:47,  8.92s/it]
 24%|##############4                                             | 12/50 [01:48<05:43,  9.05s/it]
 26%|###############6                                            | 13/50 [01:57<05:37,  9.13s/it]
 28%|################8                                           | 14/50 [02:06<05:23,  8.97s/it]
 30%|##################                                          | 15/50 [02:16<05:27,  9.36s/it]
 32%|###################2                                        | 16/50 [02:26<05:25,  9.56s/it]
 34%|####################4                                       | 17/50 [02:35<05:09,  9.38s/it]
 36%|#####################5                                      | 18/50 [02:43<04:53,  9.17s/it]
 38%|######################8                                     | 19/50 [02:52<04:43,  9.14s/it]
 40%|########################                                    | 20/50 [03:02<04:39,  9.33s/it]
 42%|#########################2                                  | 21/50 [03:11<04:25,  9.17s/it]
 44%|##########################4                                 | 22/50 [03:20<04:12,  9.02s/it]
 46%|###########################6                                | 23/50 [03:28<03:58,  8.82s/it]
 48%|############################8                               | 24/50 [03:37<03:47,  8.74s/it]
 50%|##############################                              | 25/50 [03:45<03:37,  8.71s/it]
 52%|###############################2                            | 26/50 [03:54<03:29,  8.75s/it]
 54%|################################4                           | 27/50 [04:02<03:18,  8.63s/it]
 56%|#################################6                          | 28/50 [04:11<03:08,  8.56s/it]
 58%|##################################8                         | 29/50 [04:19<02:59,  8.54s/it]
 60%|####################################                        | 30/50 [04:28<02:52,  8.63s/it]
 62%|#####################################2                      | 31/50 [04:39<02:54,  9.17s/it]
 64%|######################################4                     | 32/50 [04:48<02:44,  9.15s/it]
 66%|#######################################6                    | 33/50 [04:58<02:39,  9.39s/it]
 68%|########################################8                   | 34/50 [05:06<02:26,  9.13s/it]
 70%|##########################################                  | 35/50 [05:14<02:12,  8.87s/it]
 72%|###########################################1                | 36/50 [05:23<02:01,  8.68s/it]
 74%|############################################4               | 37/50 [05:31<01:51,  8.55s/it]
 76%|#############################################6              | 38/50 [05:39<01:41,  8.48s/it]
 78%|##############################################8             | 39/50 [05:47<01:32,  8.40s/it]
 80%|################################################            | 40/50 [05:56<01:23,  8.35s/it]
 82%|#################################################1          | 41/50 [06:05<01:16,  8.50s/it]
 84%|##################################################4         | 42/50 [06:14<01:10,  8.77s/it]
 86%|###################################################6        | 43/50 [06:24<01:04,  9.22s/it]
 88%|####################################################8       | 44/50 [06:35<00:58,  9.68s/it]
 90%|######################################################      | 45/50 [06:46<00:49,  9.98s/it]
 92%|#######################################################2    | 46/50 [06:55<00:39,  9.90s/it]
 94%|########################################################4   | 47/50 [07:05<00:29,  9.96s/it]
 96%|#########################################################6  | 48/50 [07:15<00:19,  9.81s/it]
 98%|##########################################################8 | 49/50 [07:25<00:09,  9.88s/it]
100%|############################################################| 50/50 [07:35<00:00,  9.79s/it]
100%|############################################################| 50/50 [07:35<00:00,  9.10s/it]
  0%|                                                            | 0/50 [00:00<?, ?it/s]
  0%|                                                            | 0/50 [00:06<?, ?it/s]
  0%|                                                            | 0/50 [00:00<?, ?it/s]
  0%|                                                            | 0/50 [00:01<?, ?it/s]
  0%|                                                            | 0/50 [00:00<?, ?it/s]
  0%|                                                            | 0/50 [00:02<?, ?it/s]
  0%|                                                            | 0/50 [00:00<?, ?it/s]
  0%|                                                            | 0/50 [00:08<?, ?it/s]
  0%|                                                            | 0/50 [00:00<?, ?it/s]
  0%|                                                            | 0/50 [00:02<?, ?it/s]
